Flutter crash report.
Please report a bug at https://github.com/flutter/flutter/issues.

## command

flutter pub get

## exception

FileSystemException: FileSystemException: readInto failed, path = '/Users/xexe/Desktop/taxi_app/android/local.properties' (OS Error: Operation canceled, errno = 89)

```
#0      _RandomAccessFile.readIntoSync (dart:io/file_impl.dart:947:7)
#1      _File.readAsBytesSync (dart:io/file_impl.dart:682:35)
#2      _File.readAsStringSync (dart:io/file_impl.dart:718:18)
#3      ForwardingFile.readAsStringSync (package:file/src/forwarding/forwarding_file.dart:99:16)
#4      ErrorHandlingFile.readAsStringSync.<anonymous closure> (package:flutter_tools/src/base/error_handling_io.dart:212:22)
#5      _runSync (package:flutter_tools/src/base/error_handling_io.dart:549:14)
#6      ErrorHandlingFile.readAsStringSync (package:flutter_tools/src/base/error_handling_io.dart:211:12)
#7      new SettingsFile.parseFromFile (package:flutter_tools/src/base/utils.dart:175:59)
#8      updateLocalProperties (package:flutter_tools/src/android/gradle_utils.dart:728:29)
#9      AndroidProject.ensureReadyForPlatformSpecificTooling (package:flutter_tools/src/project.dart:799:12)
#10     FlutterProject.ensureReadyForPlatformSpecificTooling (package:flutter_tools/src/project.dart:381:21)
<asynchronous suspension>
#11     PackagesGetCommand.runCommand (package:flutter_tools/src/commands/packages.dart:383:7)
<asynchronous suspension>
#12     FlutterCommand.run.<anonymous closure> (package:flutter_tools/src/runner/flutter_command.dart:1563:27)
<asynchronous suspension>
#13     AppContext.run.<anonymous closure> (package:flutter_tools/src/base/context.dart:154:19)
<asynchronous suspension>
#14     CommandRunner.runCommand (package:args/command_runner.dart:212:13)
<asynchronous suspension>
#15     FlutterCommandRunner.runCommand.<anonymous closure> (package:flutter_tools/src/runner/flutter_command_runner.dart:494:9)
<asynchronous suspension>
#16     AppContext.run.<anonymous closure> (package:flutter_tools/src/base/context.dart:154:19)
<asynchronous suspension>
#17     FlutterCommandRunner.runCommand (package:flutter_tools/src/runner/flutter_command_runner.dart:431:5)
<asynchronous suspension>
#18     run.<anonymous closure>.<anonymous closure> (package:flutter_tools/runner.dart:98:11)
<asynchronous suspension>
#19     AppContext.run.<anonymous closure> (package:flutter_tools/src/base/context.dart:154:19)
<asynchronous suspension>
#20     main (package:flutter_tools/executable.dart:102:3)
<asynchronous suspension>
```

## flutter doctor

```
[32m[✓][39m Flutter (Channel stable, 3.32.7, on macOS 15.5 24F74 darwin-arm64, locale es-ES) [512ms]
    [32m•[39m Flutter version 3.32.7 on channel stable at /Users/xexe/Downloads/flutter
    [32m•[39m Upstream repository https://github.com/flutter/flutter.git
    [32m•[39m Framework revision d7b523b356 (3 weeks ago), 2025-07-15 17:03:46 -0700
    [32m•[39m Engine revision 39d6d6e699
    [32m•[39m Dart version 3.8.1
    [32m•[39m DevTools version 2.45.1

[32m[✓][39m Android toolchain - develop for Android devices (Android SDK version 36.0.0) [2,3s]
    [32m•[39m Android SDK at /Users/xexe/Library/Android/sdk
    [32m•[39m Platform android-36, build-tools 36.0.0
    [32m•[39m Java binary at: /Applications/Android Studio.app/Contents/jbr/Contents/Home/bin/java
      This JDK is specified in your Flutter configuration.
      To change the current JDK, run: `flutter config --jdk-dir="path/to/jdk"`.
    [32m•[39m Java version OpenJDK Runtime Environment (build 21.0.6+-13391695-b895.109)
    [32m•[39m All Android licenses accepted.

[32m[✓][39m Xcode - develop for iOS and macOS (Xcode 16.4) [1.260ms]
    [32m•[39m Xcode at /Applications/Xcode.app/Contents/Developer
    [32m•[39m Build 16F6
    [32m•[39m CocoaPods version 1.16.2

[32m[✓][39m Chrome - develop for the web [6ms]
    [32m•[39m Chrome at /Applications/Google Chrome.app/Contents/MacOS/Google Chrome

[32m[✓][39m Android Studio (version 2025.1) [6ms]
    [32m•[39m Android Studio at /Applications/Android Studio.app/Contents
    [32m•[39m Flutter plugin can be installed from:
      🔨 https://plugins.jetbrains.com/plugin/9212-flutter
    [32m•[39m Dart plugin can be installed from:
      🔨 https://plugins.jetbrains.com/plugin/6351-dart
    [32m•[39m Java version OpenJDK Runtime Environment (build 21.0.6+-13391695-b895.109)

[32m[✓][39m VS Code (version 1.102.2) [5ms]
    [32m•[39m VS Code at /Users/xexe/Downloads/Visual Studio Code.app/Contents
    [32m•[39m Flutter extension version 3.114.0

[32m[✓][39m Connected device (2 available) [10,9s]
    [32m•[39m macOS (desktop) • macos  • darwin-arm64   • macOS 15.5 24F74 darwin-arm64
    [32m•[39m Chrome (web)    • chrome • web-javascript • Google Chrome 138.0.7204.184
    [33m![39m Error: Browsing on the local area network for iPhone de Marina. Ensure the device is unlocked and
      attached with a cable or associated with the same local area network as this Mac.
      The device must be opted into Developer Mode to connect wirelessly. (code -27)
    [33m![39m Error: Browsing on the local area network for iPhone de Rubén. Ensure the device is unlocked and
      attached with a cable or associated with the same local area network as this Mac.
      The device must be opted into Developer Mode to connect wirelessly. (code -27)

[32m[✓][39m Network resources [243ms]
    [32m•[39m All expected network resources are available.

[32m•[39m No issues found!
```
